TN:
SF:/home/huvalk/CLionProjects/TECHNOPARK/C_CPP/IZ_2/tests_gtest.cpp
FN:10,_Z11genMessagesP7Messagem
FN:32,_ZN13MyEnvironmentC2Ev
FN:34,_ZN13MyEnvironmentD0Ev
FN:34,_ZN13MyEnvironmentD2Ev
FN:37,_ZN13MyEnvironment5SetUpEv
FN:57,_ZN13MyEnvironment8TearDownEv
FN:88,_ZN23Message_toDictElem_Test8TestBodyEv
FN:88,_ZN23Message_toDictElem_TestC2Ev
FN:88,_ZN23Message_toDictElem_TestD2Ev
FN:88,_ZN23Message_toDictElem_TestD0Ev
FN:107,_ZN23Message_cmpDictMen_TestD2Ev
FN:107,_ZN23Message_cmpDictMen_TestC2Ev
FN:107,_ZN23Message_cmpDictMen_TestD0Ev
FN:107,_ZN23Message_cmpDictMen_Test8TestBodyEv
FN:119,_ZN23Message_cmpDateMen_TestD2Ev
FN:119,_ZN23Message_cmpDateMen_TestC2Ev
FN:119,_ZN23Message_cmpDateMen_Test8TestBodyEv
FN:119,_ZN23Message_cmpDateMen_TestD0Ev
FN:126,_ZN22Message_cmpDictEq_TestC2Ev
FN:126,_ZN22Message_cmpDictEq_TestD2Ev
FN:126,_ZN22Message_cmpDictEq_TestD0Ev
FN:126,_ZN22Message_cmpDictEq_Test8TestBodyEv
FN:138,_ZN22Message_cmpDateEq_TestC2Ev
FN:138,_ZN22Message_cmpDateEq_TestD2Ev
FN:138,_ZN22Message_cmpDateEq_Test8TestBodyEv
FN:138,_ZN22Message_cmpDateEq_TestD0Ev
FN:145,_ZN21Message_swapDict_Test8TestBodyEv
FN:145,_ZN21Message_swapDict_TestD0Ev
FN:145,_ZN21Message_swapDict_TestC2Ev
FN:145,_ZN21Message_swapDict_TestD2Ev
FN:159,_ZN21Message_inPeriod_TestC2Ev
FN:159,_ZN21Message_inPeriod_Test8TestBodyEv
FN:159,_ZN21Message_inPeriod_TestD0Ev
FN:159,_ZN21Message_inPeriod_TestD2Ev
FN:171,_ZN24Message_inRecievers_TestC2Ev
FN:171,_ZN24Message_inRecievers_TestD0Ev
FN:171,_ZN24Message_inRecievers_Test8TestBodyEv
FN:171,_ZN24Message_inRecievers_TestD2Ev
FN:184,_ZN14sort_heap_TestD0Ev
FN:184,_ZN14sort_heap_Test8TestBodyEv
FN:184,_ZN14sort_heap_TestC2Ev
FN:184,_ZN14sort_heap_TestD2Ev
FN:209,_ZN22findMessages_stat_TestD0Ev
FN:209,_ZN22findMessages_stat_TestD2Ev
FN:209,_ZN22findMessages_stat_TestC2Ev
FN:209,_ZN22findMessages_stat_Test8TestBodyEv
FN:231,_ZN21findMessages_dyn_TestD0Ev
FN:231,_ZN21findMessages_dyn_TestD2Ev
FN:231,_ZN21findMessages_dyn_Test8TestBodyEv
FN:231,_ZN21findMessages_dyn_TestC2Ev
FN:255,_ZN30findMessages_cmp_dyn_stat_Test8TestBodyEv
FN:255,_ZN30findMessages_cmp_dyn_stat_TestC2Ev
FN:255,_ZN30findMessages_cmp_dyn_stat_TestD0Ev
FN:255,_ZN30findMessages_cmp_dyn_stat_TestD2Ev
FN:267,main
FN:271,_GLOBAL__sub_I__Z11genMessagesP7Messagem
FN:271,_Z41__static_initialization_and_destruction_0ii
FNDA:18,_Z11genMessagesP7Messagem
FNDA:18,_ZN13MyEnvironmentC2Ev
FNDA:18,_ZN13MyEnvironmentD0Ev
FNDA:18,_ZN13MyEnvironmentD2Ev
FNDA:18,_ZN13MyEnvironment5SetUpEv
FNDA:2,_ZN13MyEnvironment8TearDownEv
FNDA:18,_ZN23Message_toDictElem_TestD0Ev
FNDA:18,_ZN23Message_toDictElem_TestD2Ev
FNDA:18,_ZN23Message_toDictElem_Test8TestBodyEv
FNDA:18,_ZN23Message_toDictElem_TestC2Ev
FNDA:18,_ZN23Message_cmpDictMen_TestD0Ev
FNDA:18,_ZN23Message_cmpDictMen_TestD2Ev
FNDA:18,_ZN23Message_cmpDictMen_Test8TestBodyEv
FNDA:18,_ZN23Message_cmpDictMen_TestC2Ev
FNDA:18,_ZN23Message_cmpDateMen_TestD0Ev
FNDA:18,_ZN23Message_cmpDateMen_TestD2Ev
FNDA:18,_ZN23Message_cmpDateMen_Test8TestBodyEv
FNDA:18,_ZN23Message_cmpDateMen_TestC2Ev
FNDA:18,_ZN22Message_cmpDictEq_TestD0Ev
FNDA:18,_ZN22Message_cmpDictEq_TestD2Ev
FNDA:18,_ZN22Message_cmpDictEq_Test8TestBodyEv
FNDA:18,_ZN22Message_cmpDictEq_TestC2Ev
FNDA:18,_ZN22Message_cmpDateEq_TestD0Ev
FNDA:18,_ZN22Message_cmpDateEq_TestD2Ev
FNDA:18,_ZN22Message_cmpDateEq_Test8TestBodyEv
FNDA:18,_ZN22Message_cmpDateEq_TestC2Ev
FNDA:18,_ZN21Message_swapDict_TestD0Ev
FNDA:18,_ZN21Message_swapDict_TestD2Ev
FNDA:18,_ZN21Message_swapDict_Test8TestBodyEv
FNDA:18,_ZN21Message_swapDict_TestC2Ev
FNDA:18,_ZN21Message_inPeriod_TestD0Ev
FNDA:18,_ZN21Message_inPeriod_TestD2Ev
FNDA:18,_ZN21Message_inPeriod_Test8TestBodyEv
FNDA:18,_ZN21Message_inPeriod_TestC2Ev
FNDA:18,_ZN24Message_inRecievers_TestD0Ev
FNDA:18,_ZN24Message_inRecievers_TestD2Ev
FNDA:18,_ZN24Message_inRecievers_Test8TestBodyEv
FNDA:18,_ZN24Message_inRecievers_TestC2Ev
FNDA:18,_ZN14sort_heap_TestD0Ev
FNDA:18,_ZN14sort_heap_TestD2Ev
FNDA:18,_ZN14sort_heap_Test8TestBodyEv
FNDA:18,_ZN14sort_heap_TestC2Ev
FNDA:2,_ZN22findMessages_stat_TestD0Ev
FNDA:2,_ZN22findMessages_stat_TestD2Ev
FNDA:18,_ZN22findMessages_stat_Test8TestBodyEv
FNDA:18,_ZN22findMessages_stat_TestC2Ev
FNDA:2,_ZN21findMessages_dyn_TestD0Ev
FNDA:2,_ZN21findMessages_dyn_TestD2Ev
FNDA:2,_ZN21findMessages_dyn_Test8TestBodyEv
FNDA:2,_ZN21findMessages_dyn_TestC2Ev
FNDA:2,_ZN30findMessages_cmp_dyn_stat_TestD0Ev
FNDA:2,_ZN30findMessages_cmp_dyn_stat_TestD2Ev
FNDA:2,_ZN30findMessages_cmp_dyn_stat_Test8TestBodyEv
FNDA:2,_ZN30findMessages_cmp_dyn_stat_TestC2Ev
FNDA:18,main
FNDA:18,_GLOBAL__sub_I__Z11genMessagesP7Messagem
FNDA:18,_Z41__static_initialization_and_destruction_0ii
FNF:57
FNH:57
DA:10,18
DA:11,18
DA:12,180018
DA:13,180000
DA:14,180000
DA:15,180000
DA:16,180000
DA:17,180000
DA:18,180000
DA:19,180000
DA:20,180000
DA:21,180000
DA:22,180000
DA:23,180000
DA:24,180000
DA:25,180000
DA:26,180000
DA:27,180000
DA:29,18
DA:30,18
DA:32,18
DA:34,36
DA:37,18
DA:38,18
DA:39,18
DA:40,18
DA:42,18
DA:43,18
DA:44,18
DA:45,18
DA:46,18
DA:47,18
DA:48,18
DA:50,18
DA:51,18
DA:52,18
DA:54,18
DA:55,18
DA:57,2
DA:58,2
DA:59,20002
DA:60,20000
DA:62,2
DA:63,2
DA:64,2
DA:65,2
DA:66,2
DA:67,2
DA:88,90
DA:89,18
DA:90,18
DA:91,18
DA:92,18
DA:93,18
DA:95,18
DA:96,18
DA:98,18
DA:99,18
DA:100,18
DA:101,18
DA:103,18
DA:104,18
DA:105,18
DA:107,90
DA:108,18
DA:109,18
DA:110,18
DA:111,18
DA:113,18
DA:115,18
DA:116,18
DA:117,18
DA:119,90
DA:120,18
DA:121,18
DA:123,18
DA:124,18
DA:126,90
DA:127,18
DA:128,18
DA:129,18
DA:130,18
DA:132,18
DA:134,18
DA:135,18
DA:136,18
DA:138,90
DA:139,18
DA:140,18
DA:142,18
DA:143,18
DA:145,90
DA:146,18
DA:147,18
DA:148,18
DA:149,18
DA:150,18
DA:152,18
DA:153,18
DA:155,18
DA:156,18
DA:157,18
DA:159,90
DA:160,18
DA:161,18
DA:162,18
DA:163,18
DA:165,18
DA:167,18
DA:168,18
DA:169,18
DA:171,90
DA:172,18
DA:173,18
DA:174,18
DA:175,18
DA:176,18
DA:177,18
DA:178,18
DA:180,18
DA:181,18
DA:182,18
DA:184,90
DA:185,18
DA:186,18
DA:187,198
DA:188,180
DA:189,180
DA:190,180
DA:193,18
DA:195,18
DA:197,180
DA:198,162
DA:199,0
DA:203,18
DA:205,18
DA:206,18
DA:209,58
DA:210,18
DA:211,18
DA:213,18
DA:214,18
DA:216,18
DA:218,2
DA:219,20000
DA:220,19998
DA:221,0
DA:225,2
DA:227,2
DA:228,2
DA:229,2
DA:231,26
DA:232,2
DA:233,2
DA:235,2
DA:236,2
DA:238,2
DA:239,2
DA:241,2
DA:242,20000
DA:243,19998
DA:244,0
DA:245,0
DA:249,2
DA:251,2
DA:252,2
DA:253,2
DA:255,26
DA:256,2
DA:257,2
DA:258,20002
DA:259,20000
DA:260,0
DA:264,2
DA:265,2
DA:267,18
DA:268,18
DA:269,18
DA:270,18
DA:271,54
LF:180
LH:175
end_of_record
SF:/usr/include/c++/7/bits/alloc_traits.h
FN:435,_ZNSt16allocator_traitsISaIcEE8allocateERS0_m
FN:461,_ZNSt16allocator_traitsISaIcEE10deallocateERS0_Pcm
FN:495,_ZNSt16allocator_traitsISaIcEE8max_sizeERKS0_
FN:504,_ZNSt16allocator_traitsISaIcEE37select_on_container_copy_constructionERKS0_
FNDA:2448,_ZNSt16allocator_traitsISaIcEE8allocateERS0_m
FNDA:2079,_ZNSt16allocator_traitsISaIcEE10deallocateERS0_Pcm
FNDA:3231,_ZNSt16allocator_traitsISaIcEE8max_sizeERKS0_
FNDA:1962,_ZNSt16allocator_traitsISaIcEE37select_on_container_copy_constructionERKS0_
FNF:4
FNH:4
DA:435,2448
DA:436,2448
DA:461,2079
DA:462,2079
DA:495,3231
DA:496,3231
DA:504,1962
DA:505,1962
LF:8
LH:8
end_of_record
SF:/usr/include/c++/7/bits/basic_string.h
FN:139,_ZNSt7__cxx1112basic_stringIcSt11char_traitsIcESaIcEE12_Alloc_hiderD2Ev
FN:145,_ZNSt7__cxx1112basic_stringIcSt11char_traitsIcESaIcEE12_Alloc_hiderC2EPcRKS3_
FN:148,_ZNSt7__cxx1112basic_stringIcSt11char_traitsIcESaIcEE12_Alloc_hiderC2EPcOS3_
FN:167,_ZNSt7__cxx1112basic_stringIcSt11char_traitsIcESaIcEE7_M_dataEPc
FN:171,_ZNSt7__cxx1112basic_stringIcSt11char_traitsIcESaIcEE9_M_lengthEm
FN:175,_ZNKSt7__cxx1112basic_stringIcSt11char_traitsIcESaIcEE7_M_dataEv
FN:179,_ZNSt7__cxx1112basic_stringIcSt11char_traitsIcESaIcEE13_M_local_dataEv
FN:189,_ZNKSt7__cxx1112basic_stringIcSt11char_traitsIcESaIcEE13_M_local_dataEv
FN:199,_ZNSt7__cxx1112basic_stringIcSt11char_traitsIcESaIcEE11_M_capacityEm
FN:203,_ZNSt7__cxx1112basic_stringIcSt11char_traitsIcESaIcEE13_M_set_lengthEm
FN:210,_ZNKSt7__cxx1112basic_stringIcSt11char_traitsIcESaIcEE11_M_is_localEv
FN:218,_ZNSt7__cxx1112basic_stringIcSt11char_traitsIcESaIcEE10_M_disposeEv
FN:225,_ZNSt7__cxx1112basic_stringIcSt11char_traitsIcESaIcEE10_M_destroyEm
FN:232,_ZNSt7__cxx1112basic_stringIcSt11char_traitsIcESaIcEE16_M_construct_auxIPKcEEvT_S8_St12__false_type
FN:232,_ZNSt7__cxx1112basic_stringIcSt11char_traitsIcESaIcEE16_M_construct_auxIPcEEvT_S7_St12__false_type
FN:252,_ZNSt7__cxx1112basic_stringIcSt11char_traitsIcESaIcEE12_M_constructIPcEEvT_S7_
FN:252,_ZNSt7__cxx1112basic_stringIcSt11char_traitsIcESaIcEE12_M_constructIPKcEEvT_S8_
FN:275,_ZNSt7__cxx1112basic_stringIcSt11char_traitsIcESaIcEE16_M_get_allocatorEv
FN:279,_ZNKSt7__cxx1112basic_stringIcSt11char_traitsIcESaIcEE16_M_get_allocatorEv
FN:335,_ZNSt7__cxx1112basic_stringIcSt11char_traitsIcESaIcEE7_S_copyEPcPKcm
FN:381,_ZNSt7__cxx1112basic_stringIcSt11char_traitsIcESaIcEE13_S_copy_charsEPcS5_S5_
FN:385,_ZNSt7__cxx1112basic_stringIcSt11char_traitsIcESaIcEE13_S_copy_charsEPcPKcS7_
FN:437,_ZNSt7__cxx1112basic_stringIcSt11char_traitsIcESaIcEEC2ERKS4_
FN:509,_ZNSt7__cxx1112basic_stringIcSt11char_traitsIcESaIcEEC2EPKcRKS3_
FN:646,_ZNSt7__cxx1112basic_stringIcSt11char_traitsIcESaIcEED2Ev
FN:920,_ZNKSt7__cxx1112basic_stringIcSt11char_traitsIcESaIcEE4sizeEv
FN:926,_ZNKSt7__cxx1112basic_stringIcSt11char_traitsIcESaIcEE6lengthEv
FN:931,_ZNKSt7__cxx1112basic_stringIcSt11char_traitsIcESaIcEE8max_sizeEv
FN:2280,_ZNKSt7__cxx1112basic_stringIcSt11char_traitsIcESaIcEE5c_strEv
FN:2292,_ZNKSt7__cxx1112basic_stringIcSt11char_traitsIcESaIcEE4dataEv
FN:6017,_ZSteqIcEN9__gnu_cxx11__enable_ifIXsrSt9__is_charIT_E7__valueEbE6__typeERKNSt7__cxx1112basic_stringIS3_St11char_traitsIS3_ESaIS3_EEESE_
FNDA:7756,_ZNSt7__cxx1112basic_stringIcSt11char_traitsIcESaIcEE12_Alloc_hiderD2Ev
FNDA:1530,_ZNSt7__cxx1112basic_stringIcSt11char_traitsIcESaIcEE12_Alloc_hiderC2EPcRKS3_
FNDA:1962,_ZNSt7__cxx1112basic_stringIcSt11char_traitsIcESaIcEE12_Alloc_hiderC2EPcOS3_
FNDA:900,_ZNSt7__cxx1112basic_stringIcSt11char_traitsIcESaIcEE7_M_dataEPc
FNDA:3492,_ZNSt7__cxx1112basic_stringIcSt11char_traitsIcESaIcEE9_M_lengthEm
FNDA:32509,_ZNKSt7__cxx1112basic_stringIcSt11char_traitsIcESaIcEE7_M_dataEv
FNDA:3492,_ZNSt7__cxx1112basic_stringIcSt11char_traitsIcESaIcEE13_M_local_dataEv
FNDA:7756,_ZNKSt7__cxx1112basic_stringIcSt11char_traitsIcESaIcEE13_M_local_dataEv
FNDA:900,_ZNSt7__cxx1112basic_stringIcSt11char_traitsIcESaIcEE11_M_capacityEm
FNDA:3492,_ZNSt7__cxx1112basic_stringIcSt11char_traitsIcESaIcEE13_M_set_lengthEm
FNDA:7756,_ZNKSt7__cxx1112basic_stringIcSt11char_traitsIcESaIcEE11_M_is_localEv
FNDA:7756,_ZNSt7__cxx1112basic_stringIcSt11char_traitsIcESaIcEE10_M_disposeEv
FNDA:2079,_ZNSt7__cxx1112basic_stringIcSt11char_traitsIcESaIcEE10_M_destroyEm
FNDA:1962,_ZNSt7__cxx1112basic_stringIcSt11char_traitsIcESaIcEE16_M_construct_auxIPcEEvT_S7_St12__false_type
FNDA:1530,_ZNSt7__cxx1112basic_stringIcSt11char_traitsIcESaIcEE16_M_construct_auxIPKcEEvT_S8_St12__false_type
FNDA:1962,_ZNSt7__cxx1112basic_stringIcSt11char_traitsIcESaIcEE12_M_constructIPcEEvT_S7_
FNDA:1530,_ZNSt7__cxx1112basic_stringIcSt11char_traitsIcESaIcEE12_M_constructIPKcEEvT_S8_
FNDA:4527,_ZNSt7__cxx1112basic_stringIcSt11char_traitsIcESaIcEE16_M_get_allocatorEv
FNDA:5193,_ZNKSt7__cxx1112basic_stringIcSt11char_traitsIcESaIcEE16_M_get_allocatorEv
FNDA:3492,_ZNSt7__cxx1112basic_stringIcSt11char_traitsIcESaIcEE7_S_copyEPcPKcm
FNDA:1962,_ZNSt7__cxx1112basic_stringIcSt11char_traitsIcESaIcEE13_S_copy_charsEPcS5_S5_
FNDA:1530,_ZNSt7__cxx1112basic_stringIcSt11char_traitsIcESaIcEE13_S_copy_charsEPcPKcS7_
FNDA:1962,_ZNSt7__cxx1112basic_stringIcSt11char_traitsIcESaIcEEC2ERKS4_
FNDA:1530,_ZNSt7__cxx1112basic_stringIcSt11char_traitsIcESaIcEEC2EPKcRKS3_
FNDA:7756,_ZNSt7__cxx1112basic_stringIcSt11char_traitsIcESaIcEED2Ev
FNDA:162,_ZNKSt7__cxx1112basic_stringIcSt11char_traitsIcESaIcEE4sizeEv
FNDA:8532,_ZNKSt7__cxx1112basic_stringIcSt11char_traitsIcESaIcEE6lengthEv
FNDA:3231,_ZNKSt7__cxx1112basic_stringIcSt11char_traitsIcESaIcEE8max_sizeEv
FNDA:11658,_ZNKSt7__cxx1112basic_stringIcSt11char_traitsIcESaIcEE5c_strEv
FNDA:108,_ZNKSt7__cxx1112basic_stringIcSt11char_traitsIcESaIcEE4dataEv
FNDA:54,_ZSteqIcEN9__gnu_cxx11__enable_ifIXsrSt9__is_charIT_E7__valueEbE6__typeERKNSt7__cxx1112basic_stringIS3_St11char_traitsIS3_ESaIS3_EEESE_
FNF:31
FNH:31
DA:139,7756
DA:145,1530
DA:146,1530
DA:148,1962
DA:149,1962
DA:167,900
DA:168,900
DA:171,3492
DA:172,3492
DA:175,32509
DA:176,32509
DA:179,3492
DA:182,3492
DA:189,7756
DA:192,7756
DA:199,900
DA:200,900
DA:203,3492
DA:205,3492
DA:206,3492
DA:207,3492
DA:210,7756
DA:211,7756
DA:218,7756
DA:220,7756
DA:221,2079
DA:222,7756
DA:225,2079
DA:226,2079
DA:232,3492
DA:236,3492
DA:237,3492
DA:252,3492
DA:255,3492
DA:256,3492
DA:275,4527
DA:276,4527
DA:279,5193
DA:280,5193
DA:335,3492
DA:337,3492
DA:338,126
DA:340,3366
DA:341,3492
DA:381,1962
DA:382,1962
DA:385,1530
DA:387,1530
DA:437,1962
DA:439,1962
DA:440,1962
DA:509,1530
DA:510,1530
DA:511,1530
DA:646,7756
DA:647,7756
DA:920,162
DA:921,162
DA:926,8532
DA:927,8532
DA:931,3231
DA:932,3231
DA:2280,11658
DA:2281,11658
DA:2292,108
DA:2293,108
DA:6017,54
DA:6019,54
DA:6020,54
DA:6021,54
LF:70
LH:70
end_of_record
SF:/usr/include/c++/7/bits/basic_string.tcc
FN:132,_ZNSt7__cxx1112basic_stringIcSt11char_traitsIcESaIcEE9_M_createERmm
FN:206,_ZNSt7__cxx1112basic_stringIcSt11char_traitsIcESaIcEE12_M_constructIPKcEEvT_S8_St20forward_iterator_tag
FN:206,_ZNSt7__cxx1112basic_stringIcSt11char_traitsIcESaIcEE12_M_constructIPcEEvT_S7_St20forward_iterator_tag
FNDA:2448,_ZNSt7__cxx1112basic_stringIcSt11char_traitsIcESaIcEE9_M_createERmm
FNDA:1962,_ZNSt7__cxx1112basic_stringIcSt11char_traitsIcESaIcEE12_M_constructIPcEEvT_S7_St20forward_iterator_tag
FNDA:1530,_ZNSt7__cxx1112basic_stringIcSt11char_traitsIcESaIcEE12_M_constructIPKcEEvT_S8_St20forward_iterator_tag
FNF:3
FNH:3
DA:132,2448
DA:137,2448
DA:138,0
DA:143,2448
DA:145,783
DA:147,783
DA:148,0
DA:153,2448
DA:206,3492
DA:211,3492
DA:212,0
DA:215,3492
DA:217,3492
DA:219,900
DA:220,900
DA:225,3492
DA:232,3492
DA:233,3492
LF:18
LH:15
end_of_record
SF:/usr/include/c++/7/bits/char_traits.h
FN:100,_ZN9__gnu_cxx11char_traitsIcE2eqERKcS3_
FN:104,_ZN9__gnu_cxx11char_traitsIcE2ltERKcS3_
FN:148,_ZN9__gnu_cxx11char_traitsIcE7compareEPKcS3_m
FN:161,_ZN9__gnu_cxx11char_traitsIcE6lengthEPKc
FN:284,_ZNSt11char_traitsIcE6assignERcRKc
FN:300,_ZNSt11char_traitsIcE7compareEPKcS2_m
FN:314,_ZNSt11char_traitsIcE6lengthEPKc
FN:346,_ZNSt11char_traitsIcE4copyEPcPKcm
FNDA:0,_ZN9__gnu_cxx11char_traitsIcE2eqERKcS3_
FNDA:0,_ZN9__gnu_cxx11char_traitsIcE2ltERKcS3_
FNDA:0,_ZN9__gnu_cxx11char_traitsIcE7compareEPKcS3_m
FNDA:0,_ZN9__gnu_cxx11char_traitsIcE6lengthEPKc
FNDA:3618,_ZNSt11char_traitsIcE6assignERcRKc
FNDA:54,_ZNSt11char_traitsIcE7compareEPKcS2_m
FNDA:1530,_ZNSt11char_traitsIcE6lengthEPKc
FNDA:3366,_ZNSt11char_traitsIcE4copyEPcPKcm
FNF:8
FNH:4
DA:100,0
DA:101,0
DA:104,0
DA:105,0
DA:148,0
DA:151,0
DA:152,0
DA:153,0
DA:154,0
DA:155,0
DA:156,0
DA:161,0
DA:164,0
DA:165,0
DA:166,0
DA:167,0
DA:233,1530
DA:284,3618
DA:285,3618
DA:300,54
DA:303,54
DA:305,54
DA:306,0
DA:308,54
DA:309,0
DA:310,54
DA:314,1530
DA:317,1530
DA:318,0
DA:320,1530
DA:346,3366
DA:348,3366
DA:349,108
DA:350,3258
LF:34
LH:15
end_of_record
SF:/usr/include/c++/7/bits/ios_base.h
FN:129,_ZStorSt13_Ios_OpenmodeS_
FNDA:936,_ZStorSt13_Ios_OpenmodeS_
FNF:1
FNH:1
DA:129,936
DA:130,936
LF:2
LH:2
end_of_record
SF:/usr/include/c++/7/bits/move.h
FN:47,_ZSt11__addressofIKcEPT_RS1_
FN:47,_ZSt11__addressofIcEPT_RS0_
FN:98,_ZSt4moveIRSaIcEEONSt16remove_referenceIT_E4typeEOS3_
FN:137,_ZSt9addressofIcEPT_RS0_
FN:137,_ZSt9addressofIKcEPT_RS1_
FNDA:7756,_ZSt11__addressofIKcEPT_RS1_
FNDA:3492,_ZSt11__addressofIcEPT_RS0_
FNDA:1962,_ZSt4moveIRSaIcEEONSt16remove_referenceIT_E4typeEOS3_
FNDA:7756,_ZSt9addressofIKcEPT_RS1_
FNDA:3492,_ZSt9addressofIcEPT_RS0_
FNF:5
FNH:5
DA:47,11248
DA:48,11248
DA:98,1962
DA:99,1962
DA:137,11248
DA:138,11248
LF:6
LH:6
end_of_record
SF:/usr/include/c++/7/bits/ptr_traits.h
FN:141,_ZNSt14pointer_traitsIPcE10pointer_toERc
FN:141,_ZNSt14pointer_traitsIPKcE10pointer_toERS0_
FNDA:7756,_ZNSt14pointer_traitsIPKcE10pointer_toERS0_
FNDA:3492,_ZNSt14pointer_traitsIPcE10pointer_toERc
FNF:2
FNH:2
DA:141,11248
DA:142,11248
LF:2
LH:2
end_of_record
SF:/usr/include/c++/7/bits/stl_iterator_base_funcs.h
FN:98,_ZSt10__distanceIPcENSt15iterator_traitsIT_E15difference_typeES2_S2_St26random_access_iterator_tag
FN:98,_ZSt10__distanceIPKcENSt15iterator_traitsIT_E15difference_typeES3_S3_St26random_access_iterator_tag
FN:138,_ZSt8distanceIPKcENSt15iterator_traitsIT_E15difference_typeES3_S3_
FN:138,_ZSt8distanceIPcENSt15iterator_traitsIT_E15difference_typeES2_S2_
FNDA:1962,_ZSt10__distanceIPcENSt15iterator_traitsIT_E15difference_typeES2_S2_St26random_access_iterator_tag
FNDA:1530,_ZSt10__distanceIPKcENSt15iterator_traitsIT_E15difference_typeES3_S3_St26random_access_iterator_tag
FNDA:1962,_ZSt8distanceIPcENSt15iterator_traitsIT_E15difference_typeES2_S2_
FNDA:1530,_ZSt8distanceIPKcENSt15iterator_traitsIT_E15difference_typeES3_S3_
FNF:4
FNH:4
DA:98,3492
DA:104,3492
DA:138,3492
DA:141,3492
DA:142,6984
LF:5
LH:5
end_of_record
SF:/usr/include/c++/7/bits/stl_iterator_base_types.h
FN:205,_ZSt19__iterator_categoryIPKcENSt15iterator_traitsIT_E17iterator_categoryERKS3_
FN:205,_ZSt19__iterator_categoryIPcENSt15iterator_traitsIT_E17iterator_categoryERKS2_
FNDA:1962,_ZSt19__iterator_categoryIPcENSt15iterator_traitsIT_E17iterator_categoryERKS2_
FNDA:1530,_ZSt19__iterator_categoryIPKcENSt15iterator_traitsIT_E17iterator_categoryERKS3_
FNF:2
FNH:2
DA:205,3492
DA:206,3492
LF:2
LH:2
end_of_record
SF:/usr/include/c++/7/ext/alloc_traits.h
FN:94,_ZN9__gnu_cxx14__alloc_traitsISaIcEE17_S_select_on_copyERKS1_
FNDA:1962,_ZN9__gnu_cxx14__alloc_traitsISaIcEE17_S_select_on_copyERKS1_
FNF:1
FNH:1
DA:94,1962
DA:95,1962
LF:2
LH:2
end_of_record
SF:/usr/include/c++/7/ext/new_allocator.h
FN:99,_ZN9__gnu_cxx13new_allocatorIcE8allocateEmPKv
FN:116,_ZN9__gnu_cxx13new_allocatorIcE10deallocateEPcm
FN:129,_ZNK9__gnu_cxx13new_allocatorIcE8max_sizeEv
FNDA:2448,_ZN9__gnu_cxx13new_allocatorIcE8allocateEmPKv
FNDA:2079,_ZN9__gnu_cxx13new_allocatorIcE10deallocateEPcm
FNDA:5679,_ZNK9__gnu_cxx13new_allocatorIcE8max_sizeEv
FNF:3
FNH:3
DA:99,2448
DA:101,2448
DA:102,0
DA:111,2448
DA:116,2079
DA:125,2079
DA:129,5679
DA:130,5679
LF:8
LH:7
end_of_record
SF:/usr/include/c++/7/ext/type_traits.h
FN:152,_ZN9__gnu_cxx17__is_null_pointerIKcEEbPT_
FN:152,_ZN9__gnu_cxx17__is_null_pointerIcEEbPT_
FNDA:1962,_ZN9__gnu_cxx17__is_null_pointerIcEEbPT_
FNDA:1530,_ZN9__gnu_cxx17__is_null_pointerIKcEEbPT_
FNF:2
FNH:2
DA:152,3492
DA:153,3492
LF:2
LH:2
end_of_record
SF:/usr/include/c++/7/iostream
DA:74,18
LF:1
LH:1
end_of_record
SF:/usr/include/gtest/gtest-message.h
FN:85,_ZN7testing7MessageD2Ev
FNDA:936,_ZN7testing7MessageD2Ev
FNF:1
FNH:1
DA:85,936
LF:1
LH:1
end_of_record
SF:/usr/include/gtest/gtest-printers.h
FN:222,_ZN16testing_internal26DefaultPrintNonContainerToItEEvRKT_PSo
FN:275,_ZN7testing8internal19FormatForComparisonINSt7__cxx1112basic_stringIcSt11char_traitsIcESaIcEEES7_E6FormatERKS7_
FN:275,_ZN7testing8internal19FormatForComparisonIabE6FormatB5cxx11ERKa
FN:275,_ZN7testing8internal19FormatForComparisonIbbE6FormatB5cxx11ERKb
FN:275,_ZN7testing8internal19FormatForComparisonIbaE6FormatB5cxx11ERKb
FN:275,_ZN7testing8internal19FormatForComparisonIhhE6FormatB5cxx11ERKh
FN:275,_ZN7testing8internal19FormatForComparisonIttE6FormatB5cxx11ERKt
FN:349,_ZN7testing8internal33FormatForComparisonFailureMessageIttEENSt7__cxx1112basic_stringIcSt11char_traitsIcESaIcEEERKT_RKT0_
FN:349,_ZN7testing8internal33FormatForComparisonFailureMessageIhhEENSt7__cxx1112basic_stringIcSt11char_traitsIcESaIcEEERKT_RKT0_
FN:349,_ZN7testing8internal33FormatForComparisonFailureMessageINSt7__cxx1112basic_stringIcSt11char_traitsIcESaIcEEES7_EES7_RKT_RKT0_
FN:349,_ZN7testing8internal33FormatForComparisonFailureMessageIabEENSt7__cxx1112basic_stringIcSt11char_traitsIcESaIcEEERKT_RKT0_
FN:349,_ZN7testing8internal33FormatForComparisonFailureMessageIbbEENSt7__cxx1112basic_stringIcSt11char_traitsIcESaIcEEERKT_RKT0_
FN:349,_ZN7testing8internal33FormatForComparisonFailureMessageIbaEENSt7__cxx1112basic_stringIcSt11char_traitsIcESaIcEEERKT_RKT0_
FN:436,_ZN7testing8internal14DefaultPrintToItEEvcNS0_13bool_constantILb0EEERKT_PSo
FN:454,_ZN7testing8internal7PrintToItEEvRKT_PSo
FN:495,_ZN7testing8internal7PrintToEbPSo
FN:565,_ZN7testing8internal7PrintToERKNSt7__cxx1112basic_stringIcSt11char_traitsIcESaIcEEEPSo
FN:698,_ZN7testing8internal16UniversalPrinterIbE5PrintERKbPSo
FN:698,_ZN7testing8internal16UniversalPrinterIaE5PrintERKaPSo
FN:698,_ZN7testing8internal16UniversalPrinterINSt7__cxx1112basic_stringIcSt11char_traitsIcESaIcEEEE5PrintERKS7_PSo
FN:698,_ZN7testing8internal16UniversalPrinterIhE5PrintERKhPSo
FN:698,_ZN7testing8internal16UniversalPrinterItE5PrintERKtPSo
FN:783,_ZN7testing8internal21UniversalTersePrinterItE5PrintERKtPSo
FN:783,_ZN7testing8internal21UniversalTersePrinterIbE5PrintERKbPSo
FN:783,_ZN7testing8internal21UniversalTersePrinterIaE5PrintERKaPSo
FN:783,_ZN7testing8internal21UniversalTersePrinterINSt7__cxx1112basic_stringIcSt11char_traitsIcESaIcEEEE5PrintERKS7_PSo
FN:783,_ZN7testing8internal21UniversalTersePrinterIhE5PrintERKhPSo
FN:852,_ZN7testing8internal14UniversalPrintINSt7__cxx1112basic_stringIcSt11char_traitsIcESaIcEEEEEvRKT_PSo
FN:852,_ZN7testing8internal14UniversalPrintIhEEvRKT_PSo
FN:852,_ZN7testing8internal14UniversalPrintItEEvRKT_PSo
FN:852,_ZN7testing8internal14UniversalPrintIbEEvRKT_PSo
FN:852,_ZN7testing8internal14UniversalPrintIaEEvRKT_PSo
FN:980,_ZN7testing13PrintToStringIbEENSt7__cxx1112basic_stringIcSt11char_traitsIcESaIcEEERKT_
FN:980,_ZN7testing13PrintToStringIaEENSt7__cxx1112basic_stringIcSt11char_traitsIcESaIcEEERKT_
FN:980,_ZN7testing13PrintToStringINSt7__cxx1112basic_stringIcSt11char_traitsIcESaIcEEEEES6_RKT_
FN:980,_ZN7testing13PrintToStringIhEENSt7__cxx1112basic_stringIcSt11char_traitsIcESaIcEEERKT_
FN:980,_ZN7testing13PrintToStringItEENSt7__cxx1112basic_stringIcSt11char_traitsIcESaIcEEERKT_
FNDA:0,_ZN16testing_internal26DefaultPrintNonContainerToItEEvRKT_PSo
FNDA:0,_ZN7testing8internal19FormatForComparisonIbaE6FormatB5cxx11ERKb
FNDA:0,_ZN7testing8internal19FormatForComparisonIabE6FormatB5cxx11ERKa
FNDA:0,_ZN7testing8internal19FormatForComparisonIbbE6FormatB5cxx11ERKb
FNDA:0,_ZN7testing8internal19FormatForComparisonINSt7__cxx1112basic_stringIcSt11char_traitsIcESaIcEEES7_E6FormatERKS7_
FNDA:0,_ZN7testing8internal19FormatForComparisonIttE6FormatB5cxx11ERKt
FNDA:0,_ZN7testing8internal19FormatForComparisonIhhE6FormatB5cxx11ERKh
FNDA:0,_ZN7testing8internal33FormatForComparisonFailureMessageIbaEENSt7__cxx1112basic_stringIcSt11char_traitsIcESaIcEEERKT_RKT0_
FNDA:0,_ZN7testing8internal33FormatForComparisonFailureMessageIabEENSt7__cxx1112basic_stringIcSt11char_traitsIcESaIcEEERKT_RKT0_
FNDA:0,_ZN7testing8internal33FormatForComparisonFailureMessageIbbEENSt7__cxx1112basic_stringIcSt11char_traitsIcESaIcEEERKT_RKT0_
FNDA:0,_ZN7testing8internal33FormatForComparisonFailureMessageINSt7__cxx1112basic_stringIcSt11char_traitsIcESaIcEEES7_EES7_RKT_RKT0_
FNDA:0,_ZN7testing8internal33FormatForComparisonFailureMessageIttEENSt7__cxx1112basic_stringIcSt11char_traitsIcESaIcEEERKT_RKT0_
FNDA:0,_ZN7testing8internal33FormatForComparisonFailureMessageIhhEENSt7__cxx1112basic_stringIcSt11char_traitsIcESaIcEEERKT_RKT0_
FNDA:0,_ZN7testing8internal14DefaultPrintToItEEvcNS0_13bool_constantILb0EEERKT_PSo
FNDA:0,_ZN7testing8internal7PrintToItEEvRKT_PSo
FNDA:0,_ZN7testing8internal7PrintToEbPSo
FNDA:0,_ZN7testing8internal7PrintToERKNSt7__cxx1112basic_stringIcSt11char_traitsIcESaIcEEEPSo
FNDA:0,_ZN7testing8internal16UniversalPrinterIaE5PrintERKaPSo
FNDA:0,_ZN7testing8internal16UniversalPrinterIbE5PrintERKbPSo
FNDA:0,_ZN7testing8internal16UniversalPrinterItE5PrintERKtPSo
FNDA:0,_ZN7testing8internal16UniversalPrinterIhE5PrintERKhPSo
FNDA:0,_ZN7testing8internal16UniversalPrinterINSt7__cxx1112basic_stringIcSt11char_traitsIcESaIcEEEE5PrintERKS7_PSo
FNDA:0,_ZN7testing8internal21UniversalTersePrinterIaE5PrintERKaPSo
FNDA:0,_ZN7testing8internal21UniversalTersePrinterIbE5PrintERKbPSo
FNDA:0,_ZN7testing8internal21UniversalTersePrinterINSt7__cxx1112basic_stringIcSt11char_traitsIcESaIcEEEE5PrintERKS7_PSo
FNDA:0,_ZN7testing8internal21UniversalTersePrinterItE5PrintERKtPSo
FNDA:0,_ZN7testing8internal21UniversalTersePrinterIhE5PrintERKhPSo
FNDA:0,_ZN7testing8internal14UniversalPrintIaEEvRKT_PSo
FNDA:0,_ZN7testing8internal14UniversalPrintIbEEvRKT_PSo
FNDA:0,_ZN7testing8internal14UniversalPrintItEEvRKT_PSo
FNDA:0,_ZN7testing8internal14UniversalPrintIhEEvRKT_PSo
FNDA:0,_ZN7testing8internal14UniversalPrintINSt7__cxx1112basic_stringIcSt11char_traitsIcESaIcEEEEEvRKT_PSo
FNDA:0,_ZN7testing13PrintToStringIaEENSt7__cxx1112basic_stringIcSt11char_traitsIcESaIcEEERKT_
FNDA:0,_ZN7testing13PrintToStringIbEENSt7__cxx1112basic_stringIcSt11char_traitsIcESaIcEEERKT_
FNDA:0,_ZN7testing13PrintToStringINSt7__cxx1112basic_stringIcSt11char_traitsIcESaIcEEEEES6_RKT_
FNDA:0,_ZN7testing13PrintToStringItEENSt7__cxx1112basic_stringIcSt11char_traitsIcESaIcEEERKT_
FNDA:0,_ZN7testing13PrintToStringIhEENSt7__cxx1112basic_stringIcSt11char_traitsIcESaIcEEERKT_
FNF:37
FNH:0
DA:222,0
DA:249,0
DA:250,0
DA:275,0
DA:276,0
DA:349,0
DA:351,0
DA:436,0
DA:439,0
DA:440,0
DA:454,0
DA:477,0
DA:478,0
DA:495,0
DA:496,0
DA:497,0
DA:565,0
DA:566,0
DA:567,0
DA:698,0
DA:707,0
DA:708,0
DA:783,0
DA:784,0
DA:785,0
DA:852,0
DA:856,0
DA:857,0
DA:980,0
DA:981,0
DA:982,0
DA:983,0
LF:32
LH:0
end_of_record
SF:/usr/include/gtest/gtest.h
FN:256,_ZN7testing15AssertionResultD2Ev
FN:288,_ZNK7testing15AssertionResultcvbEv
FN:297,_ZNK7testing15AssertionResult7messageEv
FN:302,_ZNK7testing15AssertionResult15failure_messageEv
FN:389,_ZN7testing4Test13SetUpTestCaseEv
FN:397,_ZN7testing4Test16TearDownTestCaseEv
FN:474,_ZN7testing4Test5SetupEv
FN:972,_ZN7testing11EnvironmentC2Ev
FN:975,_ZN7testing11EnvironmentD0Ev
FN:975,_ZN7testing11EnvironmentD2Ev
FN:978,_ZN7testing11Environment5SetUpEv
FN:981,_ZN7testing11Environment8TearDownEv
FN:986,_ZN7testing11Environment5SetupEv
FN:1350,_ZN7testing24AddGlobalTestEnvironmentEPNS_11EnvironmentE
FN:1375,_ZN7testing8internal18CmpHelperEQFailureIabEENS_15AssertionResultEPKcS4_RKT_RKT0_
FN:1375,_ZN7testing8internal18CmpHelperEQFailureIhhEENS_15AssertionResultEPKcS4_RKT_RKT0_
FN:1375,_ZN7testing8internal18CmpHelperEQFailureIttEENS_15AssertionResultEPKcS4_RKT_RKT0_
FN:1375,_ZN7testing8internal18CmpHelperEQFailureINSt7__cxx1112basic_stringIcSt11char_traitsIcESaIcEEES7_EENS_15AssertionResultEPKcSA_RKT_RKT0_
FN:1375,_ZN7testing8internal18CmpHelperEQFailureIbbEENS_15AssertionResultEPKcS4_RKT_RKT0_
FN:1387,_ZN7testing8internal11CmpHelperEQINSt7__cxx1112basic_stringIcSt11char_traitsIcESaIcEEES7_EENS_15AssertionResultEPKcSA_RKT_RKT0_
FN:1387,_ZN7testing8internal11CmpHelperEQIttEENS_15AssertionResultEPKcS4_RKT_RKT0_
FN:1387,_ZN7testing8internal11CmpHelperEQIbbEENS_15AssertionResultEPKcS4_RKT_RKT0_
FN:1387,_ZN7testing8internal11CmpHelperEQIhhEENS_15AssertionResultEPKcS4_RKT_RKT0_
FN:1387,_ZN7testing8internal11CmpHelperEQIabEENS_15AssertionResultEPKcS4_RKT_RKT0_
FN:1417,_ZN7testing8internal8EqHelperILb0EE7CompareIbbEENS_15AssertionResultEPKcS6_RKT_RKT0_
FN:1417,_ZN7testing8internal8EqHelperILb0EE7CompareINSt7__cxx1112basic_stringIcSt11char_traitsIcESaIcEEES9_EENS_15AssertionResultEPKcSC_RKT_RKT0_
FN:1417,_ZN7testing8internal8EqHelperILb0EE7CompareIabEENS_15AssertionResultEPKcS6_RKT_RKT0_
FN:1417,_ZN7testing8internal8EqHelperILb0EE7CompareIttEENS_15AssertionResultEPKcS6_RKT_RKT0_
FN:1417,_ZN7testing8internal8EqHelperILb0EE7CompareIhhEENS_15AssertionResultEPKcS6_RKT_RKT0_
FN:2232,_Z13RUN_ALL_TESTSv
FNDA:258,_ZN7testing15AssertionResultD2Ev
FNDA:258,_ZNK7testing15AssertionResultcvbEv
FNDA:0,_ZNK7testing15AssertionResult7messageEv
FNDA:0,_ZNK7testing15AssertionResult15failure_messageEv
FNDA:54,_ZN7testing4Test13SetUpTestCaseEv
FNDA:38,_ZN7testing4Test16TearDownTestCaseEv
FNDA:0,_ZN7testing4Test5SetupEv
FNDA:18,_ZN7testing11EnvironmentC2Ev
FNDA:0,_ZN7testing11EnvironmentD0Ev
FNDA:18,_ZN7testing11EnvironmentD2Ev
FNDA:0,_ZN7testing11Environment5SetUpEv
FNDA:0,_ZN7testing11Environment8TearDownEv
FNDA:0,_ZN7testing11Environment5SetupEv
FNDA:18,_ZN7testing24AddGlobalTestEnvironmentEPNS_11EnvironmentE
FNDA:0,_ZN7testing8internal18CmpHelperEQFailureIabEENS_15AssertionResultEPKcS4_RKT_RKT0_
FNDA:0,_ZN7testing8internal18CmpHelperEQFailureIbbEENS_15AssertionResultEPKcS4_RKT_RKT0_
FNDA:0,_ZN7testing8internal18CmpHelperEQFailureINSt7__cxx1112basic_stringIcSt11char_traitsIcESaIcEEES7_EENS_15AssertionResultEPKcSA_RKT_RKT0_
FNDA:0,_ZN7testing8internal18CmpHelperEQFailureIttEENS_15AssertionResultEPKcS4_RKT_RKT0_
FNDA:0,_ZN7testing8internal18CmpHelperEQFailureIhhEENS_15AssertionResultEPKcS4_RKT_RKT0_
FNDA:36,_ZN7testing8internal11CmpHelperEQIabEENS_15AssertionResultEPKcS4_RKT_RKT0_
FNDA:114,_ZN7testing8internal11CmpHelperEQIbbEENS_15AssertionResultEPKcS4_RKT_RKT0_
FNDA:54,_ZN7testing8internal11CmpHelperEQINSt7__cxx1112basic_stringIcSt11char_traitsIcESaIcEEES7_EENS_15AssertionResultEPKcSA_RKT_RKT0_
FNDA:18,_ZN7testing8internal11CmpHelperEQIttEENS_15AssertionResultEPKcS4_RKT_RKT0_
FNDA:36,_ZN7testing8internal11CmpHelperEQIhhEENS_15AssertionResultEPKcS4_RKT_RKT0_
FNDA:36,_ZN7testing8internal8EqHelperILb0EE7CompareIabEENS_15AssertionResultEPKcS6_RKT_RKT0_
FNDA:114,_ZN7testing8internal8EqHelperILb0EE7CompareIbbEENS_15AssertionResultEPKcS6_RKT_RKT0_
FNDA:54,_ZN7testing8internal8EqHelperILb0EE7CompareINSt7__cxx1112basic_stringIcSt11char_traitsIcESaIcEEES9_EENS_15AssertionResultEPKcSC_RKT_RKT0_
FNDA:18,_ZN7testing8internal8EqHelperILb0EE7CompareIttEENS_15AssertionResultEPKcS6_RKT_RKT0_
FNDA:36,_ZN7testing8internal8EqHelperILb0EE7CompareIhhEENS_15AssertionResultEPKcS6_RKT_RKT0_
FNDA:18,_Z13RUN_ALL_TESTSv
FNF:30
FNH:18
DA:256,258
DA:288,258
DA:297,0
DA:298,0
DA:302,0
DA:389,54
DA:397,38
DA:474,0
DA:972,18
DA:975,18
DA:978,0
DA:981,0
DA:986,0
DA:1350,18
DA:1351,18
DA:1375,0
DA:1382,0
DA:1387,258
DA:1392,258
DA:1393,258
DA:1397,0
DA:1417,258
DA:1421,258
DA:2232,18
DA:2233,18
LF:25
LH:15
end_of_record
SF:/usr/include/gtest/internal/gtest-internal.h
FN:466,_ZN7testing8internal15TestFactoryBaseD2Ev
FN:466,_ZN7testing8internal15TestFactoryBaseD0Ev
FN:473,_ZN7testing8internal15TestFactoryBaseC2Ev
FN:482,_ZN7testing8internal15TestFactoryImplI22Message_cmpDateEq_TestED2Ev
FN:482,_ZN7testing8internal15TestFactoryImplI14sort_heap_TestED2Ev
FN:482,_ZN7testing8internal15TestFactoryImplI21Message_inPeriod_TestEC2Ev
FN:482,_ZN7testing8internal15TestFactoryImplI21findMessages_dyn_TestED0Ev
FN:482,_ZN7testing8internal15TestFactoryImplI21findMessages_dyn_TestED2Ev
FN:482,_ZN7testing8internal15TestFactoryImplI24Message_inRecievers_TestED0Ev
FN:482,_ZN7testing8internal15TestFactoryImplI21findMessages_dyn_TestEC2Ev
FN:482,_ZN7testing8internal15TestFactoryImplI23Message_toDictElem_TestEC2Ev
FN:482,_ZN7testing8internal15TestFactoryImplI21Message_swapDict_TestEC2Ev
FN:482,_ZN7testing8internal15TestFactoryImplI14sort_heap_TestED0Ev
FN:482,_ZN7testing8internal15TestFactoryImplI22Message_cmpDictEq_TestEC2Ev
FN:482,_ZN7testing8internal15TestFactoryImplI30findMessages_cmp_dyn_stat_TestED2Ev
FN:482,_ZN7testing8internal15TestFactoryImplI23Message_cmpDictMen_TestEC2Ev
FN:482,_ZN7testing8internal15TestFactoryImplI30findMessages_cmp_dyn_stat_TestED0Ev
FN:482,_ZN7testing8internal15TestFactoryImplI23Message_cmpDictMen_TestED0Ev
FN:482,_ZN7testing8internal15TestFactoryImplI23Message_toDictElem_TestED0Ev
FN:482,_ZN7testing8internal15TestFactoryImplI23Message_cmpDateMen_TestEC2Ev
FN:482,_ZN7testing8internal15TestFactoryImplI22Message_cmpDictEq_TestED0Ev
FN:482,_ZN7testing8internal15TestFactoryImplI14sort_heap_TestEC2Ev
FN:482,_ZN7testing8internal15TestFactoryImplI22Message_cmpDateEq_TestED0Ev
FN:482,_ZN7testing8internal15TestFactoryImplI30findMessages_cmp_dyn_stat_TestEC2Ev
FN:482,_ZN7testing8internal15TestFactoryImplI21Message_inPeriod_TestED0Ev
FN:482,_ZN7testing8internal15TestFactoryImplI24Message_inRecievers_TestED2Ev
FN:482,_ZN7testing8internal15TestFactoryImplI23Message_cmpDateMen_TestED2Ev
FN:482,_ZN7testing8internal15TestFactoryImplI22findMessages_stat_TestED0Ev
FN:482,_ZN7testing8internal15TestFactoryImplI23Message_cmpDictMen_TestED2Ev
FN:482,_ZN7testing8internal15TestFactoryImplI22findMessages_stat_TestED2Ev
FN:482,_ZN7testing8internal15TestFactoryImplI23Message_cmpDateMen_TestED0Ev
FN:482,_ZN7testing8internal15TestFactoryImplI23Message_toDictElem_TestED2Ev
FN:482,_ZN7testing8internal15TestFactoryImplI22Message_cmpDictEq_TestED2Ev
FN:482,_ZN7testing8internal15TestFactoryImplI22findMessages_stat_TestEC2Ev
FN:482,_ZN7testing8internal15TestFactoryImplI21Message_inPeriod_TestED2Ev
FN:482,_ZN7testing8internal15TestFactoryImplI24Message_inRecievers_TestEC2Ev
FN:482,_ZN7testing8internal15TestFactoryImplI21Message_swapDict_TestED2Ev
FN:482,_ZN7testing8internal15TestFactoryImplI22Message_cmpDateEq_TestEC2Ev
FN:482,_ZN7testing8internal15TestFactoryImplI21Message_swapDict_TestED0Ev
FN:484,_ZN7testing8internal15TestFactoryImplI21Message_swapDict_TestE10CreateTestEv
FN:484,_ZN7testing8internal15TestFactoryImplI22Message_cmpDateEq_TestE10CreateTestEv
FN:484,_ZN7testing8internal15TestFactoryImplI22Message_cmpDictEq_TestE10CreateTestEv
FN:484,_ZN7testing8internal15TestFactoryImplI23Message_cmpDictMen_TestE10CreateTestEv
FN:484,_ZN7testing8internal15TestFactoryImplI30findMessages_cmp_dyn_stat_TestE10CreateTestEv
FN:484,_ZN7testing8internal15TestFactoryImplI21Message_inPeriod_TestE10CreateTestEv
FN:484,_ZN7testing8internal15TestFactoryImplI23Message_cmpDateMen_TestE10CreateTestEv
FN:484,_ZN7testing8internal15TestFactoryImplI21findMessages_dyn_TestE10CreateTestEv
FN:484,_ZN7testing8internal15TestFactoryImplI23Message_toDictElem_TestE10CreateTestEv
FN:484,_ZN7testing8internal15TestFactoryImplI24Message_inRecievers_TestE10CreateTestEv
FN:484,_ZN7testing8internal15TestFactoryImplI22findMessages_stat_TestE10CreateTestEv
FN:484,_ZN7testing8internal15TestFactoryImplI14sort_heap_TestE10CreateTestEv
FN:504,_ZN7testing8internal12CodeLocationD2Ev
FN:505,_ZN7testing8internal12CodeLocationC2ERKNSt7__cxx1112basic_stringIcSt11char_traitsIcESaIcEEEi
FN:940,_ZN7testing8internal15IsContainerTestItEEcl
FNDA:0,_ZN7testing8internal15TestFactoryBaseD0Ev
FNDA:216,_ZN7testing8internal15TestFactoryBaseD2Ev
FNDA:216,_ZN7testing8internal15TestFactoryBaseC2Ev
FNDA:18,_ZN7testing8internal15TestFactoryImplI23Message_toDictElem_TestED0Ev
FNDA:18,_ZN7testing8internal15TestFactoryImplI23Message_toDictElem_TestED2Ev
FNDA:18,_ZN7testing8internal15TestFactoryImplI23Message_cmpDictMen_TestED0Ev
FNDA:18,_ZN7testing8internal15TestFactoryImplI23Message_cmpDictMen_TestED2Ev
FNDA:18,_ZN7testing8internal15TestFactoryImplI23Message_cmpDateMen_TestED0Ev
FNDA:18,_ZN7testing8internal15TestFactoryImplI23Message_cmpDateMen_TestED2Ev
FNDA:18,_ZN7testing8internal15TestFactoryImplI22Message_cmpDictEq_TestED0Ev
FNDA:18,_ZN7testing8internal15TestFactoryImplI22Message_cmpDictEq_TestED2Ev
FNDA:18,_ZN7testing8internal15TestFactoryImplI22Message_cmpDateEq_TestED0Ev
FNDA:18,_ZN7testing8internal15TestFactoryImplI22Message_cmpDateEq_TestED2Ev
FNDA:18,_ZN7testing8internal15TestFactoryImplI21Message_swapDict_TestED0Ev
FNDA:18,_ZN7testing8internal15TestFactoryImplI21Message_swapDict_TestED2Ev
FNDA:18,_ZN7testing8internal15TestFactoryImplI21Message_inPeriod_TestED0Ev
FNDA:18,_ZN7testing8internal15TestFactoryImplI21Message_inPeriod_TestED2Ev
FNDA:18,_ZN7testing8internal15TestFactoryImplI24Message_inRecievers_TestED0Ev
FNDA:18,_ZN7testing8internal15TestFactoryImplI24Message_inRecievers_TestED2Ev
FNDA:18,_ZN7testing8internal15TestFactoryImplI14sort_heap_TestED0Ev
FNDA:18,_ZN7testing8internal15TestFactoryImplI14sort_heap_TestED2Ev
FNDA:18,_ZN7testing8internal15TestFactoryImplI22findMessages_stat_TestED0Ev
FNDA:18,_ZN7testing8internal15TestFactoryImplI22findMessages_stat_TestED2Ev
FNDA:18,_ZN7testing8internal15TestFactoryImplI21findMessages_dyn_TestED0Ev
FNDA:18,_ZN7testing8internal15TestFactoryImplI21findMessages_dyn_TestED2Ev
FNDA:18,_ZN7testing8internal15TestFactoryImplI30findMessages_cmp_dyn_stat_TestED0Ev
FNDA:18,_ZN7testing8internal15TestFactoryImplI30findMessages_cmp_dyn_stat_TestED2Ev
FNDA:18,_ZN7testing8internal15TestFactoryImplI30findMessages_cmp_dyn_stat_TestEC2Ev
FNDA:18,_ZN7testing8internal15TestFactoryImplI21findMessages_dyn_TestEC2Ev
FNDA:18,_ZN7testing8internal15TestFactoryImplI22findMessages_stat_TestEC2Ev
FNDA:18,_ZN7testing8internal15TestFactoryImplI14sort_heap_TestEC2Ev
FNDA:18,_ZN7testing8internal15TestFactoryImplI24Message_inRecievers_TestEC2Ev
FNDA:18,_ZN7testing8internal15TestFactoryImplI21Message_inPeriod_TestEC2Ev
FNDA:18,_ZN7testing8internal15TestFactoryImplI21Message_swapDict_TestEC2Ev
FNDA:18,_ZN7testing8internal15TestFactoryImplI22Message_cmpDateEq_TestEC2Ev
FNDA:18,_ZN7testing8internal15TestFactoryImplI22Message_cmpDictEq_TestEC2Ev
FNDA:18,_ZN7testing8internal15TestFactoryImplI23Message_cmpDateMen_TestEC2Ev
FNDA:18,_ZN7testing8internal15TestFactoryImplI23Message_cmpDictMen_TestEC2Ev
FNDA:18,_ZN7testing8internal15TestFactoryImplI23Message_toDictElem_TestEC2Ev
FNDA:18,_ZN7testing8internal15TestFactoryImplI23Message_toDictElem_TestE10CreateTestEv
FNDA:18,_ZN7testing8internal15TestFactoryImplI23Message_cmpDictMen_TestE10CreateTestEv
FNDA:18,_ZN7testing8internal15TestFactoryImplI23Message_cmpDateMen_TestE10CreateTestEv
FNDA:18,_ZN7testing8internal15TestFactoryImplI22Message_cmpDictEq_TestE10CreateTestEv
FNDA:18,_ZN7testing8internal15TestFactoryImplI22Message_cmpDateEq_TestE10CreateTestEv
FNDA:18,_ZN7testing8internal15TestFactoryImplI21Message_swapDict_TestE10CreateTestEv
FNDA:18,_ZN7testing8internal15TestFactoryImplI21Message_inPeriod_TestE10CreateTestEv
FNDA:18,_ZN7testing8internal15TestFactoryImplI24Message_inRecievers_TestE10CreateTestEv
FNDA:18,_ZN7testing8internal15TestFactoryImplI14sort_heap_TestE10CreateTestEv
FNDA:18,_ZN7testing8internal15TestFactoryImplI22findMessages_stat_TestE10CreateTestEv
FNDA:2,_ZN7testing8internal15TestFactoryImplI21findMessages_dyn_TestE10CreateTestEv
FNDA:2,_ZN7testing8internal15TestFactoryImplI30findMessages_cmp_dyn_stat_TestE10CreateTestEv
FNDA:648,_ZN7testing8internal12CodeLocationD2Ev
FNDA:216,_ZN7testing8internal12CodeLocationC2ERKNSt7__cxx1112basic_stringIcSt11char_traitsIcESaIcEEEi
FNDA:0,_ZN7testing8internal15IsContainerTestItEEcl
FNF:54
FNH:52
DA:466,216
DA:473,216
DA:482,648
DA:484,184
DA:504,648
DA:505,216
DA:940,0
LF:7
LH:6
end_of_record
SF:/usr/include/gtest/internal/gtest-port.h
FN:1120,_ZN7testing8internal10scoped_ptrINSt7__cxx1118basic_stringstreamIcSt11char_traitsIcESaIcEEEED2Ev
FN:1120,_ZN7testing8internal10scoped_ptrINSt7__cxx1112basic_stringIcSt11char_traitsIcESaIcEEEED2Ev
FN:1123,_ZNK7testing8internal10scoped_ptrINSt7__cxx1112basic_stringIcSt11char_traitsIcESaIcEEEEptEv
FN:1124,_ZNK7testing8internal10scoped_ptrINSt7__cxx1112basic_stringIcSt11char_traitsIcESaIcEEEE3getEv
FN:1132,_ZN7testing8internal10scoped_ptrINSt7__cxx1112basic_stringIcSt11char_traitsIcESaIcEEEE5resetEPS7_
FN:1132,_ZN7testing8internal10scoped_ptrINSt7__cxx1118basic_stringstreamIcSt11char_traitsIcESaIcEEEE5resetEPS7_
FNDA:258,_ZN7testing8internal10scoped_ptrINSt7__cxx1112basic_stringIcSt11char_traitsIcESaIcEEEED2Ev
FNDA:936,_ZN7testing8internal10scoped_ptrINSt7__cxx1118basic_stringstreamIcSt11char_traitsIcESaIcEEEED2Ev
FNDA:0,_ZNK7testing8internal10scoped_ptrINSt7__cxx1112basic_stringIcSt11char_traitsIcESaIcEEEEptEv
FNDA:0,_ZNK7testing8internal10scoped_ptrINSt7__cxx1112basic_stringIcSt11char_traitsIcESaIcEEEE3getEv
FNDA:936,_ZN7testing8internal10scoped_ptrINSt7__cxx1118basic_stringstreamIcSt11char_traitsIcESaIcEEEE5resetEPS7_
FNDA:258,_ZN7testing8internal10scoped_ptrINSt7__cxx1112basic_stringIcSt11char_traitsIcESaIcEEEE5resetEPS7_
FNF:6
FNH:4
DA:1120,1194
DA:1123,0
DA:1124,0
DA:1132,1194
DA:1133,1194
DA:1134,936
DA:1135,936
DA:1137,936
DA:1139,1194
LF:9
LH:7
end_of_record
